<?xml version="1.0" encoding="UTF-8"?>
<!-- Generated by org.testng.reporters.JUnitReportReporter -->
<testsuite hostname="DESKTOP-UV25282" failures="0" tests="1" name="seleniumScript.TestWebLoginOne" time="3.533" errors="0" timestamp="21 nov 2023 19:22:21 GMT" skipped="0">
  <testcase classname="seleniumScript.TestWebLoginOne" name="verificarLoginDeGuru99Application" time="3.533"/>
</testsuite> <!-- seleniumScript.TestWebLoginOne -->
