<?xml version="1.0" encoding="UTF-8"?>
<!-- Generated by org.testng.reporters.JUnitReportReporter -->
<testsuite hostname="DESKTOP-UV25282" failures="0" tests="1" name="seleniumScript.Crear_codigo" time="3.678" errors="0" timestamp="23 nov 2023 04:05:37 GMT" skipped="0">
  <testcase classname="seleniumScript.Crear_codigo" name="verificarLoginDeGuru99Application" time="3.678"/>
</testsuite> <!-- seleniumScript.Crear_codigo -->
