<?xml version="1.0" encoding="UTF-8"?>
<!-- Generated by org.testng.reporters.JUnitReportReporter -->
<testsuite hostname="DESKTOP-UV25282" failures="0" tests="1" name="seleniumScript.Activar_codigo" time="1.668" errors="0" timestamp="23 nov 2023 04:04:26 GMT" skipped="0">
  <testcase classname="seleniumScript.Activar_codigo" name="verificarLoginDeGuru99Application" time="1.668"/>
</testsuite> <!-- seleniumScript.Activar_codigo -->
